Unity Editor version:    2021.3.18f1 (3129e69bc0c7)
Branch:                  2021.3/staging
Build type:              Release
Batch mode:              YES
System name:             Linux
Distro version:          #63-Ubuntu SMP Fri Dec 16 14:32:59 UTC 2022
Kernel version:          5.14.0-1056-oem
Architecture:            x86_64
Available memory:        15744 MB
Using pre-set license
Pro License: YES
Desktop is 1920 x 1080 @ 60 Hz
Initialize udev device monitor.

COMMAND LINE ARGUMENTS:
Unity
-adb2
-batchMode
-noUpm
-name
AssetImportWorker1
-projectPath
/home/aluno/Documentos/GitHub/2023-303-detetive
-logFile
Logs/AssetImportWorker1.log
-srvPort
44981
Successfully changed project path to: /home/aluno/Documentos/GitHub/2023-303-detetive
/home/aluno/Documentos/GitHub/2023-303-detetive
[UnityMemory] Configuration Parameters - Can be set up in boot.config
    "memorysetup-bucket-allocator-granularity=16"
    "memorysetup-bucket-allocator-bucket-count=8"
    "memorysetup-bucket-allocator-block-size=33554432"
    "memorysetup-bucket-allocator-block-count=8"
    "memorysetup-main-allocator-block-size=16777216"
    "memorysetup-thread-allocator-block-size=16777216"
    "memorysetup-gfx-main-allocator-block-size=16777216"
    "memorysetup-gfx-thread-allocator-block-size=16777216"
    "memorysetup-cache-allocator-block-size=4194304"
    "memorysetup-typetree-allocator-block-size=2097152"
    "memorysetup-profiler-bucket-allocator-granularity=16"
    "memorysetup-profiler-bucket-allocator-bucket-count=8"
    "memorysetup-profiler-bucket-allocator-block-size=33554432"
    "memorysetup-profiler-bucket-allocator-block-count=8"
    "memorysetup-profiler-allocator-block-size=16777216"
    "memorysetup-profiler-editor-allocator-block-size=1048576"
    "memorysetup-temp-allocator-size-main=16777216"
    "memorysetup-job-temp-allocator-block-size=2097152"
    "memorysetup-job-temp-allocator-block-size-background=1048576"
    "memorysetup-job-temp-allocator-reduction-small-platforms=262144"
    "memorysetup-temp-allocator-size-background-worker=32768"
    "memorysetup-temp-allocator-size-job-worker=262144"
    "memorysetup-temp-allocator-size-preload-manager=33554432"
    "memorysetup-temp-allocator-size-nav-mesh-worker=65536"
    "memorysetup-temp-allocator-size-audio-worker=65536"
    "memorysetup-temp-allocator-size-cloud-worker=32768"
    "memorysetup-temp-allocator-size-gi-baking-worker=262144"
    "memorysetup-temp-allocator-size-gfx=262144"
Player connection [140165746520960] Host "[IP] 10.0.0.54 [Port] 0 [Flags] 2 [Guid] 1275278904 [EditorId] 1275278904 [Version] 1048832 [Id] LinuxEditor(16,10.0.0.54) [Debug] 1 [PackageName] LinuxEditor [ProjectName] Editor" joined multi-casting on [225.0.0.222:54997]...

Player connection [140165746520960] Host "[IP] 10.0.0.54 [Port] 0 [Flags] 2 [Guid] 1275278904 [EditorId] 1275278904 [Version] 1048832 [Id] LinuxEditor(16,10.0.0.54) [Debug] 1 [PackageName] LinuxEditor [ProjectName] Editor" joined alternative multi-casting on [225.0.0.222:34997]...

Refreshing native plugins compatible for Editor in 114,96 ms, found 1 plugins.
Preloading 0 native plugins for Editor in 0,00 ms.
Initialize engine version: 2021.3.18f1 (3129e69bc0c7)
[Subsystems] Discovering subsystems at path /home/aluno/Unity/Hub/Editor/2021.3.18f1/Editor/Data/Resources/UnitySubsystems
[Subsystems] Discovering subsystems at path /home/aluno/Documentos/GitHub/2023-303-detetive/Assets
GLX Extensions: GLX_ARB_create_context GLX_ARB_create_context_no_error GLX_ARB_create_context_profile GLX_ARB_create_context_robustness GLX_ARB_fbconfig_float GLX_ARB_framebuffer_sRGB GLX_ARB_get_proc_address GLX_ARB_multisample GLX_EXT_buffer_age GLX_EXT_create_context_es2_profile GLX_EXT_create_context_es_profile GLX_EXT_fbconfig_packed_float GLX_EXT_framebuffer_sRGB GLX_EXT_import_context GLX_EXT_no_config_context GLX_EXT_swap_control GLX_EXT_swap_control_tear GLX_EXT_texture_from_pixmap GLX_EXT_visual_info GLX_EXT_visual_rating GLX_INTEL_swap_event GLX_MESA_copy_sub_buffer GLX_MESA_query_renderer GLX_MESA_swap_control GLX_OML_swap_method GLX_OML_sync_control GLX_SGIS_multisample GLX_SGIX_fbconfig GLX_SGIX_pbuffer GLX_SGIX_visual_select_group GLX_SGI_make_current_read GLX_SGI_swap_control GLX_SGI_video_sync 
Renderer: Mesa Intel(R) UHD Graphics 630 (CML GT2)
Vendor:   Intel
Version:  4.6 (Core Profile) Mesa 21.2.6
GLES:     0
 GL_3DFX_texture_compression_FXT1 GL_AMD_conservative_depth GL_AMD_depth_clamp_separate GL_AMD_draw_buffers_blend GL_AMD_gpu_shader_int64 GL_AMD_multi_draw_indirect GL_AMD_performance_monitor GL_AMD_pinned_memory GL_AMD_query_buffer_object GL_AMD_seamless_cubemap_per_texture GL_AMD_shader_stencil_export GL_AMD_shader_trinary_minmax GL_AMD_texture_texture4 GL_AMD_vertex_shader_layer GL_AMD_vertex_shader_viewport_index GL_ANGLE_texture_compression_dxt3 GL_ANGLE_texture_compression_dxt5 GL_ARB_ES2_compatibility GL_ARB_ES3_1_compatibility GL_ARB_ES3_2_compatibility GL_ARB_ES3_compatibility GL_ARB_arrays_of_arrays GL_ARB_base_instance GL_ARB_blend_func_extended GL_ARB_buffer_storage GL_ARB_clear_buffer_object GL_ARB_clear_texture GL_ARB_clip_control GL_ARB_compressed_texture_pixel_storage GL_ARB_compute_shader GL_ARB_compute_variable_group_size GL_ARB_conditional_render_inverted GL_ARB_conservative_depth GL_ARB_copy_buffer GL_ARB_copy_image GL_ARB_cull_distance GL_ARB_debug_output GL_ARB_depth_buffer_float GL_ARB
_depth_clamp GL_ARB_derivative_control GL_ARB_direct_state_access GL_ARB_draw_buffers GL_ARB_draw_buffers_blend GL_ARB_draw_elements_base_vertex GL_ARB_draw_indirect GL_ARB_draw_instanced GL_ARB_enhanced_layouts GL_ARB_explicit_attrib_location GL_ARB_explicit_uniform_location GL_ARB_fragment_coord_conventions GL_ARB_fragment_layer_viewport GL_ARB_fragment_shader GL_ARB_fragment_shader_interlock GL_ARB_framebuffer_no_attachments GL_ARB_framebuffer_object GL_ARB_framebuffer_sRGB GL_ARB_get_program_binary GL_ARB_get_texture_sub_image GL_ARB_gl_spirv GL_ARB_gpu_shader5 GL_ARB_gpu_shader_fp64 GL_ARB_gpu_shader_int64 GL_ARB_half_float_pixel GL_ARB_half_float_vertex GL_ARB_indirect_parameters GL_ARB_instanced_arrays GL_ARB_internalformat_query GL_ARB_internalformat_query2 GL_ARB_invalidate_subdata GL_ARB_map_buffer_alignment GL_ARB_map_buffer_range GL_ARB_multi_bind GL_ARB_multi_draw_indirect GL_ARB_occlusion_query2 GL_ARB_parallel_shader_compile GL_ARB_pipeline_statistics_query GL_ARB_pixel_buffer_object GL_ARB_po
int_sprite GL_ARB_polygon_offset_clamp GL_ARB_post_depth_coverage GL_ARB_program_interface_query GL_ARB_provoking_vertex GL_ARB_query_buffer_object GL_ARB_robust_buffer_access_behavior GL_ARB_robustness GL_ARB_sample_shading GL_ARB_sampler_objects GL_ARB_seamless_cube_map GL_ARB_seamless_cubemap_per_texture GL_ARB_separate_shader_objects GL_ARB_shader_atomic_counter_ops GL_ARB_shader_atomic_counters GL_ARB_shader_ballot GL_ARB_shader_bit_encoding GL_ARB_shader_clock GL_ARB_shader_draw_parameters GL_ARB_shader_group_vote GL_ARB_shader_image_load_store GL_ARB_shader_image_size GL_ARB_shader_objects GL_ARB_shader_precision GL_ARB_shader_stencil_export GL_ARB_shader_storage_buffer_object GL_ARB_shader_subroutine GL_ARB_shader_texture_image_samples GL_ARB_shader_texture_lod GL_ARB_shader_viewport_layer_array GL_ARB_shading_language_420pack GL_ARB_shading_language_include GL_ARB_shading_language_packing GL_ARB_spirv_extensions GL_ARB_stencil_texturing GL_ARB_sync GL_ARB_tessellation_shader GL_ARB_texture_barrier G
L_ARB_texture_buffer_object GL_ARB_texture_buffer_object_rgb32 GL_ARB_texture_buffer_range GL_ARB_texture_compression_bptc GL_ARB_texture_compression_rgtc GL_ARB_texture_cube_map_array GL_ARB_texture_filter_anisotropic GL_ARB_texture_float GL_ARB_texture_gather GL_ARB_texture_mirror_clamp_to_edge GL_ARB_texture_multisample GL_ARB_texture_non_power_of_two GL_ARB_texture_query_levels GL_ARB_texture_query_lod GL_ARB_texture_rectangle GL_ARB_texture_rg GL_ARB_texture_rgb10_a2ui GL_ARB_texture_stencil8 GL_ARB_texture_storage GL_ARB_texture_storage_multisample GL_ARB_texture_swizzle GL_ARB_texture_view GL_ARB_timer_query GL_ARB_transform_feedback2 GL_ARB_transform_feedback3 GL_ARB_transform_feedback_instanced GL_ARB_transform_feedback_overflow_query GL_ARB_uniform_buffer_object GL_ARB_vertex_array_bgra GL_ARB_vertex_array_object GL_ARB_vertex_attrib_64bit GL_ARB_vertex_attrib_binding GL_ARB_vertex_buffer_object GL_ARB_vertex_shader GL_ARB_vertex_type_10f_11f_11f_rev GL_ARB_vertex_type_2_10_10_10_rev GL_ARB_viewpor
t_array GL_ATI_blend_equation_separate GL_ATI_texture_float GL_EXT_EGL_image_storage GL_EXT_EGL_sync GL_EXT_abgr GL_EXT_blend_equation_separate GL_EXT_demote_to_helper_invocation GL_EXT_draw_buffers2 GL_EXT_draw_instanced GL_EXT_framebuffer_blit GL_EXT_framebuffer_multisample GL_EXT_framebuffer_multisample_blit_scaled GL_EXT_framebuffer_object GL_EXT_framebuffer_sRGB GL_EXT_memory_object GL_EXT_memory_object_fd GL_EXT_packed_depth_stencil GL_EXT_packed_float GL_EXT_pixel_buffer_object GL_EXT_polygon_offset_clamp GL_EXT_provoking_vertex GL_EXT_semaphore GL_EXT_semaphore_fd GL_EXT_shader_framebuffer_fetch GL_EXT_shader_framebuffer_fetch_non_coherent GL_EXT_shader_integer_mix GL_EXT_shader_samples_identical GL_EXT_texture_array GL_EXT_texture_compression_dxt1 GL_EXT_texture_compression_rgtc GL_EXT_texture_compression_s3tc GL_EXT_texture_filter_anisotropic GL_EXT_texture_integer GL_EXT_texture_sRGB GL_EXT_texture_sRGB_R8 GL_EXT_texture_sRGB_decode GL_EXT_texture_shadow_lod GL_EXT_texture_shared_exponent GL_EXT_t
exture_snorm GL_EXT_texture_swizzle GL_EXT_timer_query GL_EXT_transform_feedback GL_EXT_vertex_array_bgra GL_EXT_vertex_attrib_64bit GL_IBM_multimode_draw_arrays GL_INTEL_blackhole_render GL_INTEL_conservative_rasterization GL_INTEL_performance_query GL_INTEL_shader_atomic_float_minmax GL_INTEL_shader_integer_functions2 GL_KHR_blend_equation_advanced GL_KHR_blend_equation_advanced_coherent GL_KHR_context_flush_control GL_KHR_debug GL_KHR_no_error GL_KHR_parallel_shader_compile GL_KHR_robust_buffer_access_behavior GL_KHR_robustness GL_KHR_texture_compression_astc_ldr GL_KHR_texture_compression_astc_sliced_3d GL_MESA_framebuffer_flip_y GL_MESA_pack_invert GL_MESA_shader_integer_functions GL_MESA_texture_signed_rgba GL_NV_compute_shader_derivatives GL_NV_conditional_render GL_NV_copy_image GL_NV_depth_clamp GL_NV_fragment_shader_interlock GL_NV_packed_depth_stencil GL_NV_texture_barrier GL_OES_EGL_image GL_S3_s3tc
OPENGL LOG: Creating OpenGL 4.6 graphics device ; Context level  <OpenGL 4.5> ; Context handle 652344368
Initialize mono
Mono path[0] = '/home/aluno/Unity/Hub/Editor/2021.3.18f1/Editor/Data/Managed'
Mono path[1] = '/home/aluno/Unity/Hub/Editor/2021.3.18f1/Editor/Data/MonoBleedingEdge/lib/mono/unityjit-linux'
Mono config path = '/home/aluno/Unity/Hub/Editor/2021.3.18f1/Editor/Data/MonoBleedingEdge/etc'
Using monoOptions --debugger-agent=transport=dt_socket,embedding=1,server=y,suspend=n,address=127.0.0.1:56649
Begin MonoManager ReloadAssembly
Registering precompiled unity dll's ...
Register platform support module: /home/aluno/Unity/Hub/Editor/2021.3.18f1/Editor/Data/PlaybackEngines/WebGLSupport/UnityEditor.WebGL.Extensions.dll
Register platform support module: /home/aluno/Unity/Hub/Editor/2021.3.18f1/Editor/Data/PlaybackEngines/LinuxStandaloneSupport/UnityEditor.LinuxStandalone.Extensions.dll
Registered in 0,011376 seconds.
Native extension for LinuxStandalone target not found
Native extension for WebGL target not found
Refreshing native plugins compatible for Editor in 124,18 ms, found 1 plugins.
Preloading 0 native plugins for Editor in 0,00 ms.
Mono: successfully reloaded assembly
- Completed reload, in  0,862 seconds
Domain Reload Profiling:
	ReloadAssembly (862ms)
		BeginReloadAssembly (65ms)
			ExecutionOrderSort (0ms)
			DisableScriptedObjects (0ms)
			BackupInstance (0ms)
			ReleaseScriptingObjects (0ms)
			CreateAndSetChildDomain (1ms)
		EndReloadAssembly (643ms)
			LoadAssemblies (63ms)
			RebuildTransferFunctionScriptingTraits (0ms)
			SetupTypeCache (146ms)
			ReleaseScriptCaches (0ms)
			RebuildScriptCaches (44ms)
			SetupLoadedEditorAssemblies (387ms)
				LogAssemblyErrors (0ms)
				InitializePlatformSupportModulesInManaged (13ms)
				SetLoadedEditorAssemblies (0ms)
				RefreshPlugins (124ms)
				BeforeProcessingInitializeOnLoad (2ms)
				ProcessInitializeOnLoadAttributes (189ms)
				ProcessInitializeOnLoadMethodAttributes (59ms)
				AfterProcessingInitializeOnLoad (0ms)
				EditorAssembliesLoaded (0ms)
			ExecutionOrderSort2 (0ms)
			AwakeInstancesAfterBackupRestoration (0ms)
Platform modules already initialized, skipping
Registering precompiled user dll's ...
Registered in 0,005170 seconds.
Begin MonoManager ReloadAssembly
Symbol file LoadedFromMemory doesn't match image /home/aluno/Documentos/GitHub/2023-303-detetive/Library/PackageCache/com.unity.visualscripting@1.8.0/Editor/VisualScripting.Core/Dependencies/YamlDotNet/Unity.VisualScripting.YamlDotNet.dll
Symbol file LoadedFromMemory doesn't match image /home/aluno/Documentos/GitHub/2023-303-detetive/Library/PackageCache/com.unity.visualscripting@1.8.0/Editor/VisualScripting.Core/Dependencies/DotNetZip/Unity.VisualScripting.IonicZip.dll
Native extension for LinuxStandalone target not found
Native extension for WebGL target not found
Refreshing native plugins compatible for Editor in 123,59 ms, found 1 plugins.
Preloading 0 native plugins for Editor in 0,00 ms.
Mono: successfully reloaded assembly
- Completed reload, in  1,380 seconds
Domain Reload Profiling:
	ReloadAssembly (1381ms)
		BeginReloadAssembly (114ms)
			ExecutionOrderSort (0ms)
			DisableScriptedObjects (8ms)
			BackupInstance (0ms)
			ReleaseScriptingObjects (0ms)
			CreateAndSetChildDomain (22ms)
		EndReloadAssembly (1117ms)
			LoadAssemblies (66ms)
			RebuildTransferFunctionScriptingTraits (0ms)
			SetupTypeCache (283ms)
			ReleaseScriptCaches (1ms)
			RebuildScriptCaches (84ms)
			SetupLoadedEditorAssemblies (601ms)
				LogAssemblyErrors (0ms)
				InitializePlatformSupportModulesInManaged (10ms)
				SetLoadedEditorAssemblies (0ms)
				RefreshPlugins (124ms)
				BeforeProcessingInitializeOnLoad (108ms)
				ProcessInitializeOnLoadAttributes (300ms)
				ProcessInitializeOnLoadMethodAttributes (52ms)
				AfterProcessingInitializeOnLoad (8ms)
				EditorAssembliesLoaded (0ms)
			ExecutionOrderSort2 (0ms)
			AwakeInstancesAfterBackupRestoration (5ms)
Platform modules already initialized, skipping
========================================================================
Worker process is ready to serve import requests
Launched and connected shader compiler UnityShaderCompiler after 0.01 seconds
Refreshing native plugins compatible for Editor in 0,81 ms, found 1 plugins.
Preloading 0 native plugins for Editor in 0,00 ms.
Unloading 3789 Unused Serialized files (Serialized files now loaded: 0)
Unloading 35 unused Assets / (36,9 KB). Loaded Objects now: 4249.
Memory consumption went from 141,2 MB to 141,2 MB.
Total: 4,989356 ms (FindLiveObjects: 0,332728 ms CreateObjectMapping: 0,331259 ms MarkObjects: 4,171187 ms  DeleteObjects: 0,152848 ms)

AssetImportParameters requested are different than current active one (requested -> active):
  custom:video-decoder-ogg-theora: a1e56fd34408186e4bbccfd4996cb3dc -> 
  custom:container-muxer-webm: aa71ff27fc2769a1b78a27578f13a17b -> 
  custom:container-demuxer-webm: 4f35f7cbe854078d1ac9338744f61a02 -> 
  custom:video-encoder-webm-vp8: eb34c28f22e8b96e1ab97ce403110664 -> 
  custom:audio-encoder-webm-vorbis: bf7c407c2cedff20999df2af8eb42d56 -> 
  custom:container-demuxer-ogg: 62fdf1f143b41e24485cea50d1cbac27 -> 
  custom:video-decoder-webm-vp8: 9c59270c3fd7afecdb556c50c9e8de78 -> 
  custom:audio-decoder-ogg-vorbis: bf7c407c2cedff20999df2af8eb42d56 -> 
========================================================================
Received Prepare
Registering precompiled user dll's ...
Registered in 0,004737 seconds.
Begin MonoManager ReloadAssembly
Symbol file LoadedFromMemory doesn't match image /home/aluno/Documentos/GitHub/2023-303-detetive/Library/PackageCache/com.unity.visualscripting@1.8.0/Editor/VisualScripting.Core/Dependencies/YamlDotNet/Unity.VisualScripting.YamlDotNet.dll
Symbol file LoadedFromMemory doesn't match image /home/aluno/Documentos/GitHub/2023-303-detetive/Library/PackageCache/com.unity.visualscripting@1.8.0/Editor/VisualScripting.Core/Dependencies/DotNetZip/Unity.VisualScripting.IonicZip.dll
Native extension for LinuxStandalone target not found
Native extension for WebGL target not found
Refreshing native plugins compatible for Editor in 0,82 ms, found 1 plugins.
Preloading 0 native plugins for Editor in 0,00 ms.
Mono: successfully reloaded assembly
- Completed reload, in  1,218 seconds
Domain Reload Profiling:
	ReloadAssembly (1218ms)
		BeginReloadAssembly (136ms)
			ExecutionOrderSort (0ms)
			DisableScriptedObjects (10ms)
			BackupInstance (0ms)
			ReleaseScriptingObjects (0ms)
			CreateAndSetChildDomain (49ms)
		EndReloadAssembly (952ms)
			LoadAssemblies (64ms)
			RebuildTransferFunctionScriptingTraits (0ms)
			SetupTypeCache (318ms)
			ReleaseScriptCaches (2ms)
			RebuildScriptCaches (65ms)
			SetupLoadedEditorAssemblies (419ms)
				LogAssemblyErrors (0ms)
				InitializePlatformSupportModulesInManaged (16ms)
				SetLoadedEditorAssemblies (1ms)
				RefreshPlugins (1ms)
				BeforeProcessingInitializeOnLoad (82ms)
				ProcessInitializeOnLoadAttributes (269ms)
				ProcessInitializeOnLoadMethodAttributes (42ms)
				AfterProcessingInitializeOnLoad (8ms)
				EditorAssembliesLoaded (0ms)
			ExecutionOrderSort2 (0ms)
			AwakeInstancesAfterBackupRestoration (8ms)
Platform modules already initialized, skipping
Refreshing native plugins compatible for Editor in 2,32 ms, found 1 plugins.
Preloading 0 native plugins for Editor in 0,00 ms.
Unloading 3765 Unused Serialized files (Serialized files now loaded: 0)
Unloading 22 unused Assets / (21,9 KB). Loaded Objects now: 4252.
Memory consumption went from 139,0 MB to 139,0 MB.
Total: 4,719403 ms (FindLiveObjects: 0,336509 ms CreateObjectMapping: 0,260830 ms MarkObjects: 4,086581 ms  DeleteObjects: 0,033949 ms)

AssetImportParameters requested are different than current active one (requested -> active):
  custom:video-decoder-ogg-theora: a1e56fd34408186e4bbccfd4996cb3dc -> 
  custom:container-muxer-webm: aa71ff27fc2769a1b78a27578f13a17b -> 
  custom:container-demuxer-webm: 4f35f7cbe854078d1ac9338744f61a02 -> 
  custom:video-encoder-webm-vp8: eb34c28f22e8b96e1ab97ce403110664 -> 
  custom:audio-encoder-webm-vorbis: bf7c407c2cedff20999df2af8eb42d56 -> 
  custom:container-demuxer-ogg: 62fdf1f143b41e24485cea50d1cbac27 -> 
  custom:video-decoder-webm-vp8: 9c59270c3fd7afecdb556c50c9e8de78 -> 
  custom:audio-decoder-ogg-vorbis: bf7c407c2cedff20999df2af8eb42d56 -> 
========================================================================
Received Prepare
Registering precompiled user dll's ...
Registered in 0,004715 seconds.
Begin MonoManager ReloadAssembly
Symbol file LoadedFromMemory doesn't match image /home/aluno/Documentos/GitHub/2023-303-detetive/Library/PackageCache/com.unity.visualscripting@1.8.0/Editor/VisualScripting.Core/Dependencies/YamlDotNet/Unity.VisualScripting.YamlDotNet.dll
Symbol file LoadedFromMemory doesn't match image /home/aluno/Documentos/GitHub/2023-303-detetive/Library/PackageCache/com.unity.visualscripting@1.8.0/Editor/VisualScripting.Core/Dependencies/DotNetZip/Unity.VisualScripting.IonicZip.dll
Native extension for LinuxStandalone target not found
Native extension for WebGL target not found
Refreshing native plugins compatible for Editor in 0,80 ms, found 1 plugins.
Preloading 0 native plugins for Editor in 0,00 ms.
Mono: successfully reloaded assembly
- Completed reload, in  1,201 seconds
Domain Reload Profiling:
	ReloadAssembly (1201ms)
		BeginReloadAssembly (119ms)
			ExecutionOrderSort (0ms)
			DisableScriptedObjects (10ms)
			BackupInstance (0ms)
			ReleaseScriptingObjects (0ms)
			CreateAndSetChildDomain (37ms)
		EndReloadAssembly (939ms)
			LoadAssemblies (60ms)
			RebuildTransferFunctionScriptingTraits (0ms)
			SetupTypeCache (301ms)
			ReleaseScriptCaches (2ms)
			RebuildScriptCaches (65ms)
			SetupLoadedEditorAssemblies (423ms)
				LogAssemblyErrors (0ms)
				InitializePlatformSupportModulesInManaged (16ms)
				SetLoadedEditorAssemblies (1ms)
				RefreshPlugins (1ms)
				BeforeProcessingInitializeOnLoad (82ms)
				ProcessInitializeOnLoadAttributes (272ms)
				ProcessInitializeOnLoadMethodAttributes (43ms)
				AfterProcessingInitializeOnLoad (8ms)
				EditorAssembliesLoaded (0ms)
			ExecutionOrderSort2 (0ms)
			AwakeInstancesAfterBackupRestoration (9ms)
Platform modules already initialized, skipping
Refreshing native plugins compatible for Editor in 2,39 ms, found 1 plugins.
Preloading 0 native plugins for Editor in 0,00 ms.
Unloading 3765 Unused Serialized files (Serialized files now loaded: 0)
Unloading 22 unused Assets / (21,9 KB). Loaded Objects now: 4255.
Memory consumption went from 138,7 MB to 138,7 MB.
Total: 4,398481 ms (FindLiveObjects: 0,303700 ms CreateObjectMapping: 0,220974 ms MarkObjects: 3,844807 ms  DeleteObjects: 0,027671 ms)

AssetImportParameters requested are different than current active one (requested -> active):
  custom:video-decoder-ogg-theora: a1e56fd34408186e4bbccfd4996cb3dc -> 
  custom:container-muxer-webm: aa71ff27fc2769a1b78a27578f13a17b -> 
  custom:container-demuxer-webm: 4f35f7cbe854078d1ac9338744f61a02 -> 
  custom:video-encoder-webm-vp8: eb34c28f22e8b96e1ab97ce403110664 -> 
  custom:audio-encoder-webm-vorbis: bf7c407c2cedff20999df2af8eb42d56 -> 
  custom:container-demuxer-ogg: 62fdf1f143b41e24485cea50d1cbac27 -> 
  custom:video-decoder-webm-vp8: 9c59270c3fd7afecdb556c50c9e8de78 -> 
  custom:audio-decoder-ogg-vorbis: bf7c407c2cedff20999df2af8eb42d56 -> 
========================================================================
Received Prepare
Registering precompiled user dll's ...
Registered in 0,004735 seconds.
Begin MonoManager ReloadAssembly
Symbol file LoadedFromMemory doesn't match image /home/aluno/Documentos/GitHub/2023-303-detetive/Library/PackageCache/com.unity.visualscripting@1.8.0/Editor/VisualScripting.Core/Dependencies/YamlDotNet/Unity.VisualScripting.YamlDotNet.dll
Symbol file LoadedFromMemory doesn't match image /home/aluno/Documentos/GitHub/2023-303-detetive/Library/PackageCache/com.unity.visualscripting@1.8.0/Editor/VisualScripting.Core/Dependencies/DotNetZip/Unity.VisualScripting.IonicZip.dll
Native extension for LinuxStandalone target not found
Native extension for WebGL target not found
Refreshing native plugins compatible for Editor in 0,89 ms, found 1 plugins.
Preloading 0 native plugins for Editor in 0,00 ms.
Mono: successfully reloaded assembly
- Completed reload, in  1,224 seconds
Domain Reload Profiling:
	ReloadAssembly (1225ms)
		BeginReloadAssembly (122ms)
			ExecutionOrderSort (0ms)
			DisableScriptedObjects (10ms)
			BackupInstance (0ms)
			ReleaseScriptingObjects (0ms)
			CreateAndSetChildDomain (39ms)
		EndReloadAssembly (953ms)
			LoadAssemblies (61ms)
			RebuildTransferFunctionScriptingTraits (0ms)
			SetupTypeCache (304ms)
			ReleaseScriptCaches (2ms)
			RebuildScriptCaches (69ms)
			SetupLoadedEditorAssemblies (429ms)
				LogAssemblyErrors (0ms)
				InitializePlatformSupportModulesInManaged (16ms)
				SetLoadedEditorAssemblies (1ms)
				RefreshPlugins (1ms)
				BeforeProcessingInitializeOnLoad (85ms)
				ProcessInitializeOnLoadAttributes (276ms)
				ProcessInitializeOnLoadMethodAttributes (42ms)
				AfterProcessingInitializeOnLoad (8ms)
				EditorAssembliesLoaded (0ms)
			ExecutionOrderSort2 (0ms)
			AwakeInstancesAfterBackupRestoration (8ms)
Platform modules already initialized, skipping
Refreshing native plugins compatible for Editor in 2,38 ms, found 1 plugins.
Preloading 0 native plugins for Editor in 0,00 ms.
Unloading 3765 Unused Serialized files (Serialized files now loaded: 0)
Unloading 22 unused Assets / (21,9 KB). Loaded Objects now: 4258.
Memory consumption went from 138,7 MB to 138,7 MB.
Total: 4,775963 ms (FindLiveObjects: 0,326242 ms CreateObjectMapping: 0,263632 ms MarkObjects: 4,153431 ms  DeleteObjects: 0,031216 ms)

AssetImportParameters requested are different than current active one (requested -> active):
  custom:video-decoder-ogg-theora: a1e56fd34408186e4bbccfd4996cb3dc -> 
  custom:container-muxer-webm: aa71ff27fc2769a1b78a27578f13a17b -> 
  custom:container-demuxer-webm: 4f35f7cbe854078d1ac9338744f61a02 -> 
  custom:video-encoder-webm-vp8: eb34c28f22e8b96e1ab97ce403110664 -> 
  custom:audio-encoder-webm-vorbis: bf7c407c2cedff20999df2af8eb42d56 -> 
  custom:container-demuxer-ogg: 62fdf1f143b41e24485cea50d1cbac27 -> 
  custom:video-decoder-webm-vp8: 9c59270c3fd7afecdb556c50c9e8de78 -> 
  custom:audio-decoder-ogg-vorbis: bf7c407c2cedff20999df2af8eb42d56 -> 
========================================================================
Received Import Request.
  Time since last request: 1749,263027 seconds.
  path: Assets/images/Cenario/TileSet_0.asset
  artifactKey: Guid(db6c44bd24aeae5e888948d824067ec1) Importer(815301076,1909f56bfc062723c751e8b465ee728b)
Start importing Assets/images/Cenario/TileSet_0.asset using Guid(db6c44bd24aeae5e888948d824067ec1) Importer(815301076,1909f56bfc062723c751e8b465ee728b)  -> (artifact id: '26cb2fb43a0c31d548d6efdde5509a5b') in 0,130408 seconds 
========================================================================
Received Import Request.
  Time since last request: 0,000024 seconds.
  path: Assets/images/cenario/tileset_16x16_interior_27.asset
  artifactKey: Guid(049b7c30d4029c39caaa95a2cc58c778) Importer(815301076,1909f56bfc062723c751e8b465ee728b)
Start importing Assets/images/cenario/tileset_16x16_interior_27.asset using Guid(049b7c30d4029c39caaa95a2cc58c778) Importer(815301076,1909f56bfc062723c751e8b465ee728b)  -> (artifact id: '84da6d49422837868e50e2491a0ada64') in 0,004848 seconds 
========================================================================
Received Import Request.
  Time since last request: 0,000026 seconds.
  path: Assets/images/cenario/tileset_16x16_interior_38.asset
  artifactKey: Guid(e3889fc1a98a29236b83d50c1caba332) Importer(815301076,1909f56bfc062723c751e8b465ee728b)
Start importing Assets/images/cenario/tileset_16x16_interior_38.asset using Guid(e3889fc1a98a29236b83d50c1caba332) Importer(815301076,1909f56bfc062723c751e8b465ee728b)  -> (artifact id: '035c68801f799c4e7775a1ca03ad84d8') in 0,003339 seconds 
========================================================================
Received Import Request.
  Time since last request: 0,000014 seconds.
  path: Assets/images/cenario/tileset_16x16_interior_22.asset
  artifactKey: Guid(eb5e90b55b1d8b2cabb339ee5542144c) Importer(815301076,1909f56bfc062723c751e8b465ee728b)
Start importing Assets/images/cenario/tileset_16x16_interior_22.asset using Guid(eb5e90b55b1d8b2cabb339ee5542144c) Importer(815301076,1909f56bfc062723c751e8b465ee728b)  -> (artifact id: '411634b9c30cc47c6dcc3198ff3d0314') in 0,003286 seconds 
========================================================================
Received Import Request.
  Time since last request: 0,000017 seconds.
  path: Assets/images/Cenario/TileSet_5.asset
  artifactKey: Guid(45f76e3b67ee678998be803ea762fc54) Importer(815301076,1909f56bfc062723c751e8b465ee728b)
Start importing Assets/images/Cenario/TileSet_5.asset using Guid(45f76e3b67ee678998be803ea762fc54) Importer(815301076,1909f56bfc062723c751e8b465ee728b)  -> (artifact id: '395bb25a7e93a9d3597d6ced9cffb9c7') in 0,005061 seconds 
========================================================================
Received Import Request.
  Time since last request: 0,000016 seconds.
  path: Assets/images/Cenario/TileSet_16.asset
  artifactKey: Guid(a933fe789a9ab9e3f9552f3fe60c480b) Importer(815301076,1909f56bfc062723c751e8b465ee728b)
Start importing Assets/images/Cenario/TileSet_16.asset using Guid(a933fe789a9ab9e3f9552f3fe60c480b) Importer(815301076,1909f56bfc062723c751e8b465ee728b)  -> (artifact id: 'fb5af42ee4b2aa7265bafb27f05a54fd') in 0,004479 seconds 
========================================================================
Received Import Request.
  Time since last request: 0,000019 seconds.
  path: Assets/images/cenario/tileset_16x16_interior_43.asset
  artifactKey: Guid(1563ed0b8f527ed73a513b540c7b4fbd) Importer(815301076,1909f56bfc062723c751e8b465ee728b)
Start importing Assets/images/cenario/tileset_16x16_interior_43.asset using Guid(1563ed0b8f527ed73a513b540c7b4fbd) Importer(815301076,1909f56bfc062723c751e8b465ee728b)  -> (artifact id: '821ce06611b91805f94790fa577e82fe') in 0,005155 seconds 
========================================================================
Received Import Request.
  Time since last request: 0,000018 seconds.
  path: Assets/images/Cenario/TileSet_10.asset
  artifactKey: Guid(a79482765bd5c06398545a4089fc996f) Importer(815301076,1909f56bfc062723c751e8b465ee728b)
Start importing Assets/images/Cenario/TileSet_10.asset using Guid(a79482765bd5c06398545a4089fc996f) Importer(815301076,1909f56bfc062723c751e8b465ee728b)  -> (artifact id: '60a2fb6d7cb7db7a8b965ce990dbd851') in 0,004384 seconds 
========================================================================
Received Import Request.
  Time since last request: 0,000016 seconds.
  path: Assets/images/Cenario/TileSet_12.asset
  artifactKey: Guid(7261d88a4daf37566a1eaeb32775f44a) Importer(815301076,1909f56bfc062723c751e8b465ee728b)
Start importing Assets/images/Cenario/TileSet_12.asset using Guid(7261d88a4daf37566a1eaeb32775f44a) Importer(815301076,1909f56bfc062723c751e8b465ee728b)  -> (artifact id: 'fd5d4d146ff73a45d90de4b2b05a1708') in 0,003888 seconds 
========================================================================
Received Import Request.
  Time since last request: 0,000031 seconds.
  path: Assets/images/Cenario/TileSet_7.asset
  artifactKey: Guid(5dfa4a9c2824eabd6816f0610b531b4f) Importer(815301076,1909f56bfc062723c751e8b465ee728b)
Start importing Assets/images/Cenario/TileSet_7.asset using Guid(5dfa4a9c2824eabd6816f0610b531b4f) Importer(815301076,1909f56bfc062723c751e8b465ee728b)  -> (artifact id: '64d3a555358a2c418816ee0796965d24') in 0,004615 seconds 
========================================================================
Received Import Request.
  Time since last request: 0,000016 seconds.
  path: Assets/images/cenario/tileset_16x16_interior_0.asset
  artifactKey: Guid(8ab11410dcfc61c9abcef03d9ddcddc1) Importer(815301076,1909f56bfc062723c751e8b465ee728b)
Start importing Assets/images/cenario/tileset_16x16_interior_0.asset using Guid(8ab11410dcfc61c9abcef03d9ddcddc1) Importer(815301076,1909f56bfc062723c751e8b465ee728b)  -> (artifact id: '1e74ea36cfcde6e8310d2f3ec66d66f8') in 0,003687 seconds 
========================================================================
Received Import Request.
  Time since last request: 0,000016 seconds.
  path: Assets/images/cenario/tileset_16x16_interior_21.asset
  artifactKey: Guid(f50125cb09d2af8c994bedf81535c2be) Importer(815301076,1909f56bfc062723c751e8b465ee728b)
Start importing Assets/images/cenario/tileset_16x16_interior_21.asset using Guid(f50125cb09d2af8c994bedf81535c2be) Importer(815301076,1909f56bfc062723c751e8b465ee728b)  -> (artifact id: 'd26f8c74f90f986c7a6473aec26fa658') in 0,003698 seconds 
========================================================================
Received Import Request.
  Time since last request: 0,000017 seconds.
  path: Assets/images/Cenario/TileSet_6.asset
  artifactKey: Guid(af93e00303228e70abc805e945dde409) Importer(815301076,1909f56bfc062723c751e8b465ee728b)
Start importing Assets/images/Cenario/TileSet_6.asset using Guid(af93e00303228e70abc805e945dde409) Importer(815301076,1909f56bfc062723c751e8b465ee728b)  -> (artifact id: '5f3cf9accc9f6fd5bb22c1c7b02b2c5a') in 0,004269 seconds 
========================================================================
Received Import Request.
  Time since last request: 0,000015 seconds.
  path: Assets/images/cenario/tileset_16x16_interior_5.asset
  artifactKey: Guid(ebc26430458c9df9ebc15c61ea2a53e4) Importer(815301076,1909f56bfc062723c751e8b465ee728b)
Start importing Assets/images/cenario/tileset_16x16_interior_5.asset using Guid(ebc26430458c9df9ebc15c61ea2a53e4) Importer(815301076,1909f56bfc062723c751e8b465ee728b)  -> (artifact id: '3ef0203cbfbc1669561c2769f922a696') in 0,003501 seconds 
========================================================================
Received Import Request.
  Time since last request: 0,000016 seconds.
  path: Assets/images/cenario/tileset_16x16_interior_42.asset
  artifactKey: Guid(b1fbeb46fa76c66afbcadc2a21d55e22) Importer(815301076,1909f56bfc062723c751e8b465ee728b)
Start importing Assets/images/cenario/tileset_16x16_interior_42.asset using Guid(b1fbeb46fa76c66afbcadc2a21d55e22) Importer(815301076,1909f56bfc062723c751e8b465ee728b)  -> (artifact id: '7ea51a33a154deb941d696f3fc43dbf7') in 0,004344 seconds 
========================================================================
Received Import Request.
  Time since last request: 0,000015 seconds.
  path: Assets/images/Cenario/TileSet_3.asset
  artifactKey: Guid(f5c191c672f386af6b3c8279f9377813) Importer(815301076,1909f56bfc062723c751e8b465ee728b)
Start importing Assets/images/Cenario/TileSet_3.asset using Guid(f5c191c672f386af6b3c8279f9377813) Importer(815301076,1909f56bfc062723c751e8b465ee728b)  -> (artifact id: 'fc586c9aea678914007668d2d22d8d74') in 0,004283 seconds 
========================================================================
Received Import Request.
  Time since last request: 0,000017 seconds.
  path: Assets/images/cenario/tileset_16x16_interior_55.asset
  artifactKey: Guid(79215f72386e5038681de568da6d3361) Importer(815301076,1909f56bfc062723c751e8b465ee728b)
Start importing Assets/images/cenario/tileset_16x16_interior_55.asset using Guid(79215f72386e5038681de568da6d3361) Importer(815301076,1909f56bfc062723c751e8b465ee728b)  -> (artifact id: '3b5d6fa6e77d7285a13c76ed63ac48c3') in 0,003390 seconds 
========================================================================
Received Import Request.
  Time since last request: 0,000021 seconds.
  path: Assets/images/cenario/tileset_16x16_interior_20.asset
  artifactKey: Guid(dec365201e614774893c8f701dc91fd8) Importer(815301076,1909f56bfc062723c751e8b465ee728b)
Start importing Assets/images/cenario/tileset_16x16_interior_20.asset using Guid(dec365201e614774893c8f701dc91fd8) Importer(815301076,1909f56bfc062723c751e8b465ee728b)  -> (artifact id: '0e6a32244470d8846e078daf829728fd') in 0,003750 seconds 
========================================================================
Received Import Request.
  Time since last request: 0,000015 seconds.
  path: Assets/images/cenario/tileset_16x16_interior_30.asset
  artifactKey: Guid(dcb9d2304b848e869af56d1556e80d49) Importer(815301076,1909f56bfc062723c751e8b465ee728b)
Start importing Assets/images/cenario/tileset_16x16_interior_30.asset using Guid(dcb9d2304b848e869af56d1556e80d49) Importer(815301076,1909f56bfc062723c751e8b465ee728b)  -> (artifact id: 'e886745a8ebec9403729b1ac50d69a81') in 0,003361 seconds 
========================================================================
Received Import Request.
  Time since last request: 0,000017 seconds.
  path: Assets/images/cenario/tileset_16x16_interior_33.asset
  artifactKey: Guid(80367275d210b6994a3d480cf0e3d175) Importer(815301076,1909f56bfc062723c751e8b465ee728b)
Start importing Assets/images/cenario/tileset_16x16_interior_33.asset using Guid(80367275d210b6994a3d480cf0e3d175) Importer(815301076,1909f56bfc062723c751e8b465ee728b)  -> (artifact id: '22739a1861ed2cae8024c9dc505ca88c') in 0,004243 seconds 
========================================================================
Received Import Request.
  Time since last request: 0,000017 seconds.
  path: Assets/images/cenario/tileset_16x16_interior_53.asset
  artifactKey: Guid(0ea2d1c7b58a85ea9a62fd584527a8b2) Importer(815301076,1909f56bfc062723c751e8b465ee728b)
Start importing Assets/images/cenario/tileset_16x16_interior_53.asset using Guid(0ea2d1c7b58a85ea9a62fd584527a8b2) Importer(815301076,1909f56bfc062723c751e8b465ee728b)  -> (artifact id: '5c30aba0a9a02983ff0f707114a614db') in 0,003494 seconds 
========================================================================
Received Import Request.
  Time since last request: 0,000014 seconds.
  path: Assets/images/cenario/tileset_16x16_interior_25.asset
  artifactKey: Guid(06baa20fb58cf07229a81f50f45d16db) Importer(815301076,1909f56bfc062723c751e8b465ee728b)
Start importing Assets/images/cenario/tileset_16x16_interior_25.asset using Guid(06baa20fb58cf07229a81f50f45d16db) Importer(815301076,1909f56bfc062723c751e8b465ee728b)  -> (artifact id: 'bf5d2a556a03111ee27a754029ed3ae4') in 0,004079 seconds 
========================================================================
Received Import Request.
  Time since last request: 0,000017 seconds.
  path: Assets/images/Cenario/TileSet_2.asset
  artifactKey: Guid(fddbaef4a4f6eaf10951ef27adcc7a8d) Importer(815301076,1909f56bfc062723c751e8b465ee728b)
Start importing Assets/images/Cenario/TileSet_2.asset using Guid(fddbaef4a4f6eaf10951ef27adcc7a8d) Importer(815301076,1909f56bfc062723c751e8b465ee728b)  -> (artifact id: '68af18426049c57e3b2c1c72ff4d375a') in 0,004082 seconds 
========================================================================
Received Import Request.
  Time since last request: 0,000027 seconds.
  path: Assets/images/Cenario/TileSet_1.asset
  artifactKey: Guid(7543116ef6e8a3f4e966f4cad7510dea) Importer(815301076,1909f56bfc062723c751e8b465ee728b)
Start importing Assets/images/Cenario/TileSet_1.asset using Guid(7543116ef6e8a3f4e966f4cad7510dea) Importer(815301076,1909f56bfc062723c751e8b465ee728b)  -> (artifact id: '5dd3c33018f5c3160c3d1988a2877d56') in 0,004589 seconds 
========================================================================
Received Import Request.
  Time since last request: 0,000027 seconds.
  path: Assets/images/cenario/tileset_16x16_interior_35.asset
  artifactKey: Guid(dd78ca667fd0b1537ae69962c54139b3) Importer(815301076,1909f56bfc062723c751e8b465ee728b)
Start importing Assets/images/cenario/tileset_16x16_interior_35.asset using Guid(dd78ca667fd0b1537ae69962c54139b3) Importer(815301076,1909f56bfc062723c751e8b465ee728b)  -> (artifact id: '5e76a9346f395d8ae3ba94e1ffa94082') in 0,003832 seconds 
========================================================================
Received Import Request.
  Time since last request: 0,000015 seconds.
  path: Assets/images/cenario/tileset_16x16_interior_45.asset
  artifactKey: Guid(ad5f616d21675a38aa4daf6c652b3ef1) Importer(815301076,1909f56bfc062723c751e8b465ee728b)
Start importing Assets/images/cenario/tileset_16x16_interior_45.asset using Guid(ad5f616d21675a38aa4daf6c652b3ef1) Importer(815301076,1909f56bfc062723c751e8b465ee728b)  -> (artifact id: '8abc1f6eb48076f466189e2c9b8926b2') in 0,003517 seconds 
========================================================================
Received Import Request.
  Time since last request: 0,000018 seconds.
  path: Assets/images/cenario/tileset_16x16_interior_54.asset
  artifactKey: Guid(18135cbd5c1bdce0e98736ac7864db75) Importer(815301076,1909f56bfc062723c751e8b465ee728b)
Start importing Assets/images/cenario/tileset_16x16_interior_54.asset using Guid(18135cbd5c1bdce0e98736ac7864db75) Importer(815301076,1909f56bfc062723c751e8b465ee728b)  -> (artifact id: '277be3d5b194b9abc9adb98b39d0a501') in 0,004286 seconds 
========================================================================
Received Import Request.
  Time since last request: 0,000016 seconds.
  path: Assets/images/cenario/tileset_16x16_interior_13.asset
  artifactKey: Guid(e91d47f5cd150d6969dc4f504b6838c4) Importer(815301076,1909f56bfc062723c751e8b465ee728b)
Start importing Assets/images/cenario/tileset_16x16_interior_13.asset using Guid(e91d47f5cd150d6969dc4f504b6838c4) Importer(815301076,1909f56bfc062723c751e8b465ee728b)  -> (artifact id: '2a4aef6bcd7fd2cb06264b01ce92abd5') in 0,003396 seconds 
========================================================================
Received Import Request.
  Time since last request: 0,000022 seconds.
  path: Assets/images/cenario/tileset_16x16_interior_56.asset
  artifactKey: Guid(0b32ffc7c993eab7485dda88949f59ee) Importer(815301076,1909f56bfc062723c751e8b465ee728b)
Start importing Assets/images/cenario/tileset_16x16_interior_56.asset using Guid(0b32ffc7c993eab7485dda88949f59ee) Importer(815301076,1909f56bfc062723c751e8b465ee728b)  -> (artifact id: '651cc256855811b88c0e37c84f78bc2f') in 0,003728 seconds 
========================================================================
Received Import Request.
  Time since last request: 0,000016 seconds.
  path: Assets/images/cenario/tileset_16x16_interior_6.asset
  artifactKey: Guid(2d71f02dcd9766dd4b94d734ed597efe) Importer(815301076,1909f56bfc062723c751e8b465ee728b)
Start importing Assets/images/cenario/tileset_16x16_interior_6.asset using Guid(2d71f02dcd9766dd4b94d734ed597efe) Importer(815301076,1909f56bfc062723c751e8b465ee728b)  -> (artifact id: '56ca7964ff1d81a70ddfc5df8cc76d17') in 0,003694 seconds 
========================================================================
Received Import Request.
  Time since last request: 0,000017 seconds.
  path: Assets/images/cenario/tileset_16x16_interior_49.asset
  artifactKey: Guid(dbb37d3fe7f9817ea9d3f61133df92a7) Importer(815301076,1909f56bfc062723c751e8b465ee728b)
Start importing Assets/images/cenario/tileset_16x16_interior_49.asset using Guid(dbb37d3fe7f9817ea9d3f61133df92a7) Importer(815301076,1909f56bfc062723c751e8b465ee728b)  -> (artifact id: '8430d9338df4ad3df0635d02ddf79813') in 0,005154 seconds 
========================================================================
Received Import Request.
  Time since last request: 0,000019 seconds.
  path: Assets/images/cenario/tileset_16x16_interior_26.asset
  artifactKey: Guid(616ceb30f02432dc1bd358a034d9185f) Importer(815301076,1909f56bfc062723c751e8b465ee728b)
Start importing Assets/images/cenario/tileset_16x16_interior_26.asset using Guid(616ceb30f02432dc1bd358a034d9185f) Importer(815301076,1909f56bfc062723c751e8b465ee728b)  -> (artifact id: '8b3ee78be6fd2b0550c1e24a827392c0') in 0,003300 seconds 
========================================================================
Received Import Request.
  Time since last request: 0,000016 seconds.
  path: Assets/images/cenario/tileset_16x16_interior_7.asset
  artifactKey: Guid(0fd5dd3b933c232e4866c752e24aef78) Importer(815301076,1909f56bfc062723c751e8b465ee728b)
Start importing Assets/images/cenario/tileset_16x16_interior_7.asset using Guid(0fd5dd3b933c232e4866c752e24aef78) Importer(815301076,1909f56bfc062723c751e8b465ee728b)  -> (artifact id: 'd77f3057512d2d1e1e95373b5861613d') in 0,003576 seconds 
========================================================================
Received Import Request.
  Time since last request: 0,000021 seconds.
  path: Assets/images/cenario/tileset_16x16_interior_12.asset
  artifactKey: Guid(9b7721a33770db44192ce9f488849b00) Importer(815301076,1909f56bfc062723c751e8b465ee728b)
Start importing Assets/images/cenario/tileset_16x16_interior_12.asset using Guid(9b7721a33770db44192ce9f488849b00) Importer(815301076,1909f56bfc062723c751e8b465ee728b)  -> (artifact id: '76b7286e9f39a9970dc11911b612b509') in 0,003549 seconds 
========================================================================
Received Import Request.
  Time since last request: 0,000015 seconds.
  path: Assets/images/cenario/tileset_16x16_interior_37.asset
  artifactKey: Guid(63a1252af08adeef4b57ffe9c296dd96) Importer(815301076,1909f56bfc062723c751e8b465ee728b)
Start importing Assets/images/cenario/tileset_16x16_interior_37.asset using Guid(63a1252af08adeef4b57ffe9c296dd96) Importer(815301076,1909f56bfc062723c751e8b465ee728b)  -> (artifact id: 'c60cbd2b6bad62523c80f2795e34ae5d') in 0,003533 seconds 
========================================================================
Received Import Request.
  Time since last request: 0,000016 seconds.
  path: Assets/images/cenario/tileset_16x16_interior_29.asset
  artifactKey: Guid(0aab1d4cf77201d46936a71b020e5a8d) Importer(815301076,1909f56bfc062723c751e8b465ee728b)
Start importing Assets/images/cenario/tileset_16x16_interior_29.asset using Guid(0aab1d4cf77201d46936a71b020e5a8d) Importer(815301076,1909f56bfc062723c751e8b465ee728b)  -> (artifact id: '09c0c1075a5bb73eefa6ed17cec120f4') in 0,004238 seconds 
========================================================================
Received Import Request.
  Time since last request: 0,000022 seconds.
  path: Assets/images/cenario/tileset_16x16_interior_10.asset
  artifactKey: Guid(d9eb0699f5f70f701b659b6afab5807b) Importer(815301076,1909f56bfc062723c751e8b465ee728b)
Start importing Assets/images/cenario/tileset_16x16_interior_10.asset using Guid(d9eb0699f5f70f701b659b6afab5807b) Importer(815301076,1909f56bfc062723c751e8b465ee728b)  -> (artifact id: '8134eeb57401b11b26302bc316ea24c6') in 0,004041 seconds 
========================================================================
Received Import Request.
  Time since last request: 0,000014 seconds.
  path: Assets/images/cenario/tileset_16x16_interior_15.asset
  artifactKey: Guid(41061dd2b910b07489ad0e04553c3373) Importer(815301076,1909f56bfc062723c751e8b465ee728b)
Start importing Assets/images/cenario/tileset_16x16_interior_15.asset using Guid(41061dd2b910b07489ad0e04553c3373) Importer(815301076,1909f56bfc062723c751e8b465ee728b)  -> (artifact id: 'ba27fbd5d097a7d159f37627721e17d0') in 0,003500 seconds 
========================================================================
Received Import Request.
  Time since last request: 0,000018 seconds.
  path: Assets/images/cenario/tileset_16x16_interior_34.asset
  artifactKey: Guid(2aaf60954f032d8f4942537207cb8dfe) Importer(815301076,1909f56bfc062723c751e8b465ee728b)
Start importing Assets/images/cenario/tileset_16x16_interior_34.asset using Guid(2aaf60954f032d8f4942537207cb8dfe) Importer(815301076,1909f56bfc062723c751e8b465ee728b)  -> (artifact id: 'dece95b4bc4767db0a36009d5ebebec6') in 0,003276 seconds 
========================================================================
Received Import Request.
  Time since last request: 0,000014 seconds.
  path: Assets/images/Cenario/TileSet_14.asset
  artifactKey: Guid(da1456d140dfb620f92deed6cbb33496) Importer(815301076,1909f56bfc062723c751e8b465ee728b)
Start importing Assets/images/Cenario/TileSet_14.asset using Guid(da1456d140dfb620f92deed6cbb33496) Importer(815301076,1909f56bfc062723c751e8b465ee728b)  -> (artifact id: 'c166d2bacc5d6e9c111f52958d580fc7') in 0,003856 seconds 
========================================================================
Received Import Request.
  Time since last request: 0,000016 seconds.
  path: Assets/images/cenario/tileset_16x16_interior_41.asset
  artifactKey: Guid(23c0d8cf8fd249b9487032d141bf3ea2) Importer(815301076,1909f56bfc062723c751e8b465ee728b)
Start importing Assets/images/cenario/tileset_16x16_interior_41.asset using Guid(23c0d8cf8fd249b9487032d141bf3ea2) Importer(815301076,1909f56bfc062723c751e8b465ee728b)  -> (artifact id: '99c8fb614b2c10197531882f8d75cfee') in 0,003507 seconds 
========================================================================
Received Import Request.
  Time since last request: 0,000017 seconds.
  path: Assets/images/cenario/tileset_16x16_interior_19.asset
  artifactKey: Guid(d085520fb863968f28acc2446adf5633) Importer(815301076,1909f56bfc062723c751e8b465ee728b)
Start importing Assets/images/cenario/tileset_16x16_interior_19.asset using Guid(d085520fb863968f28acc2446adf5633) Importer(815301076,1909f56bfc062723c751e8b465ee728b)  -> (artifact id: 'd37ff347996af0a4e906860c335b1e59') in 0,003783 seconds 
========================================================================
Received Prepare
Registering precompiled user dll's ...
Registered in 0,004652 seconds.
Begin MonoManager ReloadAssembly
Symbol file LoadedFromMemory doesn't match image /home/aluno/Documentos/GitHub/2023-303-detetive/Library/PackageCache/com.unity.visualscripting@1.8.0/Editor/VisualScripting.Core/Dependencies/YamlDotNet/Unity.VisualScripting.YamlDotNet.dll
Symbol file LoadedFromMemory doesn't match image /home/aluno/Documentos/GitHub/2023-303-detetive/Library/PackageCache/com.unity.visualscripting@1.8.0/Editor/VisualScripting.Core/Dependencies/DotNetZip/Unity.VisualScripting.IonicZip.dll
Native extension for LinuxStandalone target not found
Native extension for WebGL target not found
Refreshing native plugins compatible for Editor in 0,77 ms, found 1 plugins.
Preloading 0 native plugins for Editor in 0,00 ms.
Mono: successfully reloaded assembly
- Completed reload, in  1,202 seconds
Domain Reload Profiling:
	ReloadAssembly (1203ms)
		BeginReloadAssembly (123ms)
			ExecutionOrderSort (0ms)
			DisableScriptedObjects (9ms)
			BackupInstance (0ms)
			ReleaseScriptingObjects (0ms)
			CreateAndSetChildDomain (42ms)
		EndReloadAssembly (925ms)
			LoadAssemblies (56ms)
			RebuildTransferFunctionScriptingTraits (0ms)
			SetupTypeCache (292ms)
			ReleaseScriptCaches (1ms)
			RebuildScriptCaches (66ms)
			SetupLoadedEditorAssemblies (418ms)
				LogAssemblyErrors (0ms)
				InitializePlatformSupportModulesInManaged (16ms)
				SetLoadedEditorAssemblies (1ms)
				RefreshPlugins (1ms)
				BeforeProcessingInitializeOnLoad (81ms)
				ProcessInitializeOnLoadAttributes (269ms)
				ProcessInitializeOnLoadMethodAttributes (43ms)
				AfterProcessingInitializeOnLoad (8ms)
				EditorAssembliesLoaded (0ms)
			ExecutionOrderSort2 (0ms)
			AwakeInstancesAfterBackupRestoration (8ms)
Platform modules already initialized, skipping
Refreshing native plugins compatible for Editor in 2,38 ms, found 1 plugins.
Preloading 0 native plugins for Editor in 0,00 ms.
Unloading 3765 Unused Serialized files (Serialized files now loaded: 0)
Unloading 22 unused Assets / (22,0 KB). Loaded Objects now: 4265.
Memory consumption went from 138,8 MB to 138,8 MB.
Total: 4,649544 ms (FindLiveObjects: 0,319379 ms CreateObjectMapping: 0,248530 ms MarkObjects: 4,051146 ms  DeleteObjects: 0,028960 ms)

AssetImportParameters requested are different than current active one (requested -> active):
  custom:video-decoder-ogg-theora: a1e56fd34408186e4bbccfd4996cb3dc -> 
  custom:container-muxer-webm: aa71ff27fc2769a1b78a27578f13a17b -> 
  custom:container-demuxer-webm: 4f35f7cbe854078d1ac9338744f61a02 -> 
  custom:video-encoder-webm-vp8: eb34c28f22e8b96e1ab97ce403110664 -> 
  custom:audio-encoder-webm-vorbis: bf7c407c2cedff20999df2af8eb42d56 -> 
  custom:container-demuxer-ogg: 62fdf1f143b41e24485cea50d1cbac27 -> 
  custom:video-decoder-webm-vp8: 9c59270c3fd7afecdb556c50c9e8de78 -> 
  custom:audio-decoder-ogg-vorbis: bf7c407c2cedff20999df2af8eb42d56 -> 
========================================================================
Received Prepare
Registering precompiled user dll's ...
Registered in 0,004781 seconds.
Begin MonoManager ReloadAssembly
Symbol file LoadedFromMemory doesn't match image /home/aluno/Documentos/GitHub/2023-303-detetive/Library/PackageCache/com.unity.visualscripting@1.8.0/Editor/VisualScripting.Core/Dependencies/YamlDotNet/Unity.VisualScripting.YamlDotNet.dll
Symbol file LoadedFromMemory doesn't match image /home/aluno/Documentos/GitHub/2023-303-detetive/Library/PackageCache/com.unity.visualscripting@1.8.0/Editor/VisualScripting.Core/Dependencies/DotNetZip/Unity.VisualScripting.IonicZip.dll
Native extension for LinuxStandalone target not found
Native extension for WebGL target not found
Refreshing native plugins compatible for Editor in 0,81 ms, found 1 plugins.
Preloading 0 native plugins for Editor in 0,00 ms.
Mono: successfully reloaded assembly
- Completed reload, in  1,245 seconds
Domain Reload Profiling:
	ReloadAssembly (1246ms)
		BeginReloadAssembly (125ms)
			ExecutionOrderSort (0ms)
			DisableScriptedObjects (10ms)
			BackupInstance (0ms)
			ReleaseScriptingObjects (0ms)
			CreateAndSetChildDomain (40ms)
		EndReloadAssembly (988ms)
			LoadAssemblies (58ms)
			RebuildTransferFunctionScriptingTraits (0ms)
			SetupTypeCache (339ms)
			ReleaseScriptCaches (1ms)
			RebuildScriptCaches (70ms)
			SetupLoadedEditorAssemblies (429ms)
				LogAssemblyErrors (0ms)
				InitializePlatformSupportModulesInManaged (16ms)
				SetLoadedEditorAssemblies (1ms)
				RefreshPlugins (1ms)
				BeforeProcessingInitializeOnLoad (83ms)
				ProcessInitializeOnLoadAttributes (276ms)
				ProcessInitializeOnLoadMethodAttributes (44ms)
				AfterProcessingInitializeOnLoad (8ms)
				EditorAssembliesLoaded (0ms)
			ExecutionOrderSort2 (0ms)
			AwakeInstancesAfterBackupRestoration (9ms)
Platform modules already initialized, skipping
Refreshing native plugins compatible for Editor in 2,33 ms, found 1 plugins.
Preloading 0 native plugins for Editor in 0,00 ms.
Unloading 3765 Unused Serialized files (Serialized files now loaded: 0)
Unloading 22 unused Assets / (22,0 KB). Loaded Objects now: 4268.
Memory consumption went from 138,8 MB to 138,8 MB.
Total: 4,559121 ms (FindLiveObjects: 0,309164 ms CreateObjectMapping: 0,231096 ms MarkObjects: 3,985198 ms  DeleteObjects: 0,032010 ms)

AssetImportParameters requested are different than current active one (requested -> active):
  custom:video-decoder-ogg-theora: a1e56fd34408186e4bbccfd4996cb3dc -> 
  custom:container-muxer-webm: aa71ff27fc2769a1b78a27578f13a17b -> 
  custom:container-demuxer-webm: 4f35f7cbe854078d1ac9338744f61a02 -> 
  custom:video-encoder-webm-vp8: eb34c28f22e8b96e1ab97ce403110664 -> 
  custom:audio-encoder-webm-vorbis: bf7c407c2cedff20999df2af8eb42d56 -> 
  custom:container-demuxer-ogg: 62fdf1f143b41e24485cea50d1cbac27 -> 
  custom:video-decoder-webm-vp8: 9c59270c3fd7afecdb556c50c9e8de78 -> 
  custom:audio-decoder-ogg-vorbis: bf7c407c2cedff20999df2af8eb42d56 -> 
========================================================================
Received Prepare
Registering precompiled user dll's ...
Registered in 0,004660 seconds.
Begin MonoManager ReloadAssembly
Symbol file LoadedFromMemory doesn't match image /home/aluno/Documentos/GitHub/2023-303-detetive/Library/PackageCache/com.unity.visualscripting@1.8.0/Editor/VisualScripting.Core/Dependencies/YamlDotNet/Unity.VisualScripting.YamlDotNet.dll
Symbol file LoadedFromMemory doesn't match image /home/aluno/Documentos/GitHub/2023-303-detetive/Library/PackageCache/com.unity.visualscripting@1.8.0/Editor/VisualScripting.Core/Dependencies/DotNetZip/Unity.VisualScripting.IonicZip.dll
Native extension for LinuxStandalone target not found
Native extension for WebGL target not found
Refreshing native plugins compatible for Editor in 0,84 ms, found 1 plugins.
Preloading 0 native plugins for Editor in 0,00 ms.
Mono: successfully reloaded assembly
- Completed reload, in  1,245 seconds
Domain Reload Profiling:
	ReloadAssembly (1246ms)
		BeginReloadAssembly (125ms)
			ExecutionOrderSort (0ms)
			DisableScriptedObjects (10ms)
			BackupInstance (0ms)
			ReleaseScriptingObjects (0ms)
			CreateAndSetChildDomain (41ms)
		EndReloadAssembly (987ms)
			LoadAssemblies (58ms)
			RebuildTransferFunctionScriptingTraits (0ms)
			SetupTypeCache (333ms)
			ReleaseScriptCaches (2ms)
			RebuildScriptCaches (68ms)
			SetupLoadedEditorAssemblies (436ms)
				LogAssemblyErrors (0ms)
				InitializePlatformSupportModulesInManaged (16ms)
				SetLoadedEditorAssemblies (1ms)
				RefreshPlugins (1ms)
				BeforeProcessingInitializeOnLoad (85ms)
				ProcessInitializeOnLoadAttributes (280ms)
				ProcessInitializeOnLoadMethodAttributes (45ms)
				AfterProcessingInitializeOnLoad (8ms)
				EditorAssembliesLoaded (0ms)
			ExecutionOrderSort2 (0ms)
			AwakeInstancesAfterBackupRestoration (9ms)
Platform modules already initialized, skipping
Refreshing native plugins compatible for Editor in 2,34 ms, found 1 plugins.
Preloading 0 native plugins for Editor in 0,00 ms.
Unloading 3765 Unused Serialized files (Serialized files now loaded: 0)
Unloading 22 unused Assets / (22,0 KB). Loaded Objects now: 4271.
Memory consumption went from 138,8 MB to 138,8 MB.
Total: 4,448021 ms (FindLiveObjects: 0,325132 ms CreateObjectMapping: 0,288866 ms MarkObjects: 3,792220 ms  DeleteObjects: 0,040625 ms)

AssetImportParameters requested are different than current active one (requested -> active):
  custom:video-decoder-ogg-theora: a1e56fd34408186e4bbccfd4996cb3dc -> 
  custom:container-muxer-webm: aa71ff27fc2769a1b78a27578f13a17b -> 
  custom:container-demuxer-webm: 4f35f7cbe854078d1ac9338744f61a02 -> 
  custom:video-encoder-webm-vp8: eb34c28f22e8b96e1ab97ce403110664 -> 
  custom:audio-encoder-webm-vorbis: bf7c407c2cedff20999df2af8eb42d56 -> 
  custom:container-demuxer-ogg: 62fdf1f143b41e24485cea50d1cbac27 -> 
  custom:video-decoder-webm-vp8: 9c59270c3fd7afecdb556c50c9e8de78 -> 
  custom:audio-decoder-ogg-vorbis: bf7c407c2cedff20999df2af8eb42d56 -> 
========================================================================
Received Prepare
Registering precompiled user dll's ...
Registered in 0,004786 seconds.
Begin MonoManager ReloadAssembly
Symbol file LoadedFromMemory doesn't match image /home/aluno/Documentos/GitHub/2023-303-detetive/Library/PackageCache/com.unity.visualscripting@1.8.0/Editor/VisualScripting.Core/Dependencies/YamlDotNet/Unity.VisualScripting.YamlDotNet.dll
Symbol file LoadedFromMemory doesn't match image /home/aluno/Documentos/GitHub/2023-303-detetive/Library/PackageCache/com.unity.visualscripting@1.8.0/Editor/VisualScripting.Core/Dependencies/DotNetZip/Unity.VisualScripting.IonicZip.dll
Native extension for LinuxStandalone target not found
Native extension for WebGL target not found
Refreshing native plugins compatible for Editor in 0,80 ms, found 1 plugins.
Preloading 0 native plugins for Editor in 0,00 ms.
Mono: successfully reloaded assembly
- Completed reload, in  1,203 seconds
Domain Reload Profiling:
	ReloadAssembly (1204ms)
		BeginReloadAssembly (126ms)
			ExecutionOrderSort (0ms)
			DisableScriptedObjects (10ms)
			BackupInstance (0ms)
			ReleaseScriptingObjects (0ms)
			CreateAndSetChildDomain (42ms)
		EndReloadAssembly (944ms)
			LoadAssemblies (58ms)
			RebuildTransferFunctionScriptingTraits (0ms)
			SetupTypeCache (305ms)
			ReleaseScriptCaches (2ms)
			RebuildScriptCaches (66ms)
			SetupLoadedEditorAssemblies (424ms)
				LogAssemblyErrors (0ms)
				InitializePlatformSupportModulesInManaged (16ms)
				SetLoadedEditorAssemblies (1ms)
				RefreshPlugins (1ms)
				BeforeProcessingInitializeOnLoad (82ms)
				ProcessInitializeOnLoadAttributes (272ms)
				ProcessInitializeOnLoadMethodAttributes (44ms)
				AfterProcessingInitializeOnLoad (8ms)
				EditorAssembliesLoaded (0ms)
			ExecutionOrderSort2 (0ms)
			AwakeInstancesAfterBackupRestoration (8ms)
Platform modules already initialized, skipping
Refreshing native plugins compatible for Editor in 2,38 ms, found 1 plugins.
Preloading 0 native plugins for Editor in 0,00 ms.
Unloading 3765 Unused Serialized files (Serialized files now loaded: 0)
Unloading 22 unused Assets / (21,9 KB). Loaded Objects now: 4274.
Memory consumption went from 138,8 MB to 138,8 MB.
Total: 4,495687 ms (FindLiveObjects: 0,311325 ms CreateObjectMapping: 0,225956 ms MarkObjects: 3,919764 ms  DeleteObjects: 0,037318 ms)

AssetImportParameters requested are different than current active one (requested -> active):
  custom:video-decoder-ogg-theora: a1e56fd34408186e4bbccfd4996cb3dc -> 
  custom:container-muxer-webm: aa71ff27fc2769a1b78a27578f13a17b -> 
  custom:container-demuxer-webm: 4f35f7cbe854078d1ac9338744f61a02 -> 
  custom:video-encoder-webm-vp8: eb34c28f22e8b96e1ab97ce403110664 -> 
  custom:audio-encoder-webm-vorbis: bf7c407c2cedff20999df2af8eb42d56 -> 
  custom:container-demuxer-ogg: 62fdf1f143b41e24485cea50d1cbac27 -> 
  custom:video-decoder-webm-vp8: 9c59270c3fd7afecdb556c50c9e8de78 -> 
  custom:audio-decoder-ogg-vorbis: bf7c407c2cedff20999df2af8eb42d56 -> 
========================================================================
Received Prepare
Registering precompiled user dll's ...
Registered in 0,004650 seconds.
Begin MonoManager ReloadAssembly
Symbol file LoadedFromMemory doesn't match image /home/aluno/Documentos/GitHub/2023-303-detetive/Library/PackageCache/com.unity.visualscripting@1.8.0/Editor/VisualScripting.Core/Dependencies/YamlDotNet/Unity.VisualScripting.YamlDotNet.dll
Symbol file LoadedFromMemory doesn't match image /home/aluno/Documentos/GitHub/2023-303-detetive/Library/PackageCache/com.unity.visualscripting@1.8.0/Editor/VisualScripting.Core/Dependencies/DotNetZip/Unity.VisualScripting.IonicZip.dll
Native extension for LinuxStandalone target not found
Native extension for WebGL target not found
Refreshing native plugins compatible for Editor in 0,80 ms, found 1 plugins.
Preloading 0 native plugins for Editor in 0,00 ms.
Mono: successfully reloaded assembly
- Completed reload, in  1,215 seconds
Domain Reload Profiling:
	ReloadAssembly (1216ms)
		BeginReloadAssembly (125ms)
			ExecutionOrderSort (0ms)
			DisableScriptedObjects (10ms)
			BackupInstance (0ms)
			ReleaseScriptingObjects (0ms)
			CreateAndSetChildDomain (42ms)
		EndReloadAssembly (960ms)
			LoadAssemblies (58ms)
			RebuildTransferFunctionScriptingTraits (0ms)
			SetupTypeCache (319ms)
			ReleaseScriptCaches (2ms)
			RebuildScriptCaches (68ms)
			SetupLoadedEditorAssemblies (425ms)
				LogAssemblyErrors (0ms)
				InitializePlatformSupportModulesInManaged (16ms)
				SetLoadedEditorAssemblies (1ms)
				RefreshPlugins (1ms)
				BeforeProcessingInitializeOnLoad (84ms)
				ProcessInitializeOnLoadAttributes (273ms)
				ProcessInitializeOnLoadMethodAttributes (42ms)
				AfterProcessingInitializeOnLoad (8ms)
				EditorAssembliesLoaded (0ms)
			ExecutionOrderSort2 (0ms)
			AwakeInstancesAfterBackupRestoration (8ms)
Platform modules already initialized, skipping
Refreshing native plugins compatible for Editor in 2,23 ms, found 1 plugins.
Preloading 0 native plugins for Editor in 0,00 ms.
Unloading 3765 Unused Serialized files (Serialized files now loaded: 0)
Unloading 22 unused Assets / (22,0 KB). Loaded Objects now: 4277.
Memory consumption went from 138,8 MB to 138,8 MB.
Total: 4,127858 ms (FindLiveObjects: 0,305952 ms CreateObjectMapping: 0,214326 ms MarkObjects: 3,579189 ms  DeleteObjects: 0,027174 ms)

AssetImportParameters requested are different than current active one (requested -> active):
  custom:video-decoder-ogg-theora: a1e56fd34408186e4bbccfd4996cb3dc -> 
  custom:container-muxer-webm: aa71ff27fc2769a1b78a27578f13a17b -> 
  custom:container-demuxer-webm: 4f35f7cbe854078d1ac9338744f61a02 -> 
  custom:video-encoder-webm-vp8: eb34c28f22e8b96e1ab97ce403110664 -> 
  custom:audio-encoder-webm-vorbis: bf7c407c2cedff20999df2af8eb42d56 -> 
  custom:container-demuxer-ogg: 62fdf1f143b41e24485cea50d1cbac27 -> 
  custom:video-decoder-webm-vp8: 9c59270c3fd7afecdb556c50c9e8de78 -> 
  custom:audio-decoder-ogg-vorbis: bf7c407c2cedff20999df2af8eb42d56 -> 
========================================================================
Received Prepare
Registering precompiled user dll's ...
Registered in 0,004607 seconds.
Begin MonoManager ReloadAssembly
Symbol file LoadedFromMemory doesn't match image /home/aluno/Documentos/GitHub/2023-303-detetive/Library/PackageCache/com.unity.visualscripting@1.8.0/Editor/VisualScripting.Core/Dependencies/YamlDotNet/Unity.VisualScripting.YamlDotNet.dll
Symbol file LoadedFromMemory doesn't match image /home/aluno/Documentos/GitHub/2023-303-detetive/Library/PackageCache/com.unity.visualscripting@1.8.0/Editor/VisualScripting.Core/Dependencies/DotNetZip/Unity.VisualScripting.IonicZip.dll
Native extension for LinuxStandalone target not found
Native extension for WebGL target not found
Refreshing native plugins compatible for Editor in 0,84 ms, found 1 plugins.
Preloading 0 native plugins for Editor in 0,00 ms.
Mono: successfully reloaded assembly
- Completed reload, in  1,224 seconds
Domain Reload Profiling:
	ReloadAssembly (1224ms)
		BeginReloadAssembly (130ms)
			ExecutionOrderSort (0ms)
			DisableScriptedObjects (10ms)
			BackupInstance (0ms)
			ReleaseScriptingObjects (0ms)
			CreateAndSetChildDomain (45ms)
		EndReloadAssembly (961ms)
			LoadAssemblies (59ms)
			RebuildTransferFunctionScriptingTraits (0ms)
			SetupTypeCache (320ms)
			ReleaseScriptCaches (2ms)
			RebuildScriptCaches (68ms)
			SetupLoadedEditorAssemblies (424ms)
				LogAssemblyErrors (0ms)
				InitializePlatformSupportModulesInManaged (16ms)
				SetLoadedEditorAssemblies (1ms)
				RefreshPlugins (1ms)
				BeforeProcessingInitializeOnLoad (83ms)
				ProcessInitializeOnLoadAttributes (272ms)
				ProcessInitializeOnLoadMethodAttributes (43ms)
				AfterProcessingInitializeOnLoad (8ms)
				EditorAssembliesLoaded (0ms)
			ExecutionOrderSort2 (0ms)
			AwakeInstancesAfterBackupRestoration (8ms)
Platform modules already initialized, skipping
Refreshing native plugins compatible for Editor in 2,24 ms, found 1 plugins.
Preloading 0 native plugins for Editor in 0,00 ms.
Unloading 3765 Unused Serialized files (Serialized files now loaded: 0)
Unloading 22 unused Assets / (21,9 KB). Loaded Objects now: 4280.
Memory consumption went from 138,8 MB to 138,8 MB.
Total: 4,581467 ms (FindLiveObjects: 0,333434 ms CreateObjectMapping: 0,296158 ms MarkObjects: 3,907118 ms  DeleteObjects: 0,043284 ms)

AssetImportParameters requested are different than current active one (requested -> active):
  custom:video-decoder-ogg-theora: a1e56fd34408186e4bbccfd4996cb3dc -> 
  custom:container-muxer-webm: aa71ff27fc2769a1b78a27578f13a17b -> 
  custom:container-demuxer-webm: 4f35f7cbe854078d1ac9338744f61a02 -> 
  custom:video-encoder-webm-vp8: eb34c28f22e8b96e1ab97ce403110664 -> 
  custom:audio-encoder-webm-vorbis: bf7c407c2cedff20999df2af8eb42d56 -> 
  custom:container-demuxer-ogg: 62fdf1f143b41e24485cea50d1cbac27 -> 
  custom:video-decoder-webm-vp8: 9c59270c3fd7afecdb556c50c9e8de78 -> 
  custom:audio-decoder-ogg-vorbis: bf7c407c2cedff20999df2af8eb42d56 -> 
========================================================================
Received Prepare
Registering precompiled user dll's ...
Registered in 0,004664 seconds.
Begin MonoManager ReloadAssembly
Symbol file LoadedFromMemory doesn't match image /home/aluno/Documentos/GitHub/2023-303-detetive/Library/PackageCache/com.unity.visualscripting@1.8.0/Editor/VisualScripting.Core/Dependencies/YamlDotNet/Unity.VisualScripting.YamlDotNet.dll
Symbol file LoadedFromMemory doesn't match image /home/aluno/Documentos/GitHub/2023-303-detetive/Library/PackageCache/com.unity.visualscripting@1.8.0/Editor/VisualScripting.Core/Dependencies/DotNetZip/Unity.VisualScripting.IonicZip.dll
Native extension for LinuxStandalone target not found
Native extension for WebGL target not found
Refreshing native plugins compatible for Editor in 0,84 ms, found 1 plugins.
Preloading 0 native plugins for Editor in 0,00 ms.
Mono: successfully reloaded assembly
- Completed reload, in  1,215 seconds
Domain Reload Profiling:
	ReloadAssembly (1215ms)
		BeginReloadAssembly (129ms)
			ExecutionOrderSort (0ms)
			DisableScriptedObjects (10ms)
			BackupInstance (0ms)
			ReleaseScriptingObjects (0ms)
			CreateAndSetChildDomain (45ms)
		EndReloadAssembly (954ms)
			LoadAssemblies (58ms)
			RebuildTransferFunctionScriptingTraits (0ms)
			SetupTypeCache (312ms)
			ReleaseScriptCaches (2ms)
			RebuildScriptCaches (69ms)
			SetupLoadedEditorAssemblies (424ms)
				LogAssemblyErrors (0ms)
				InitializePlatformSupportModulesInManaged (16ms)
				SetLoadedEditorAssemblies (1ms)
				RefreshPlugins (1ms)
				BeforeProcessingInitializeOnLoad (83ms)
				ProcessInitializeOnLoadAttributes (272ms)
				ProcessInitializeOnLoadMethodAttributes (43ms)
				AfterProcessingInitializeOnLoad (8ms)
				EditorAssembliesLoaded (0ms)
			ExecutionOrderSort2 (0ms)
			AwakeInstancesAfterBackupRestoration (8ms)
Platform modules already initialized, skipping
Refreshing native plugins compatible for Editor in 2,29 ms, found 1 plugins.
Preloading 0 native plugins for Editor in 0,00 ms.
Unloading 3765 Unused Serialized files (Serialized files now loaded: 0)
Unloading 22 unused Assets / (22,1 KB). Loaded Objects now: 4283.
Memory consumption went from 138,8 MB to 138,8 MB.
Total: 4,489508 ms (FindLiveObjects: 0,327266 ms CreateObjectMapping: 0,239857 ms MarkObjects: 3,891182 ms  DeleteObjects: 0,029936 ms)

AssetImportParameters requested are different than current active one (requested -> active):
  custom:video-decoder-ogg-theora: a1e56fd34408186e4bbccfd4996cb3dc -> 
  custom:container-muxer-webm: aa71ff27fc2769a1b78a27578f13a17b -> 
  custom:container-demuxer-webm: 4f35f7cbe854078d1ac9338744f61a02 -> 
  custom:video-encoder-webm-vp8: eb34c28f22e8b96e1ab97ce403110664 -> 
  custom:audio-encoder-webm-vorbis: bf7c407c2cedff20999df2af8eb42d56 -> 
  custom:container-demuxer-ogg: 62fdf1f143b41e24485cea50d1cbac27 -> 
  custom:video-decoder-webm-vp8: 9c59270c3fd7afecdb556c50c9e8de78 -> 
  custom:audio-decoder-ogg-vorbis: bf7c407c2cedff20999df2af8eb42d56 -> 
========================================================================
Received Prepare
Registering precompiled user dll's ...
Registered in 0,004649 seconds.
Begin MonoManager ReloadAssembly
Symbol file LoadedFromMemory doesn't match image /home/aluno/Documentos/GitHub/2023-303-detetive/Library/PackageCache/com.unity.visualscripting@1.8.0/Editor/VisualScripting.Core/Dependencies/YamlDotNet/Unity.VisualScripting.YamlDotNet.dll
Symbol file LoadedFromMemory doesn't match image /home/aluno/Documentos/GitHub/2023-303-detetive/Library/PackageCache/com.unity.visualscripting@1.8.0/Editor/VisualScripting.Core/Dependencies/DotNetZip/Unity.VisualScripting.IonicZip.dll
Native extension for LinuxStandalone target not found
Native extension for WebGL target not found
Refreshing native plugins compatible for Editor in 0,86 ms, found 1 plugins.
Preloading 0 native plugins for Editor in 0,00 ms.
Mono: successfully reloaded assembly
- Completed reload, in  1,242 seconds
Domain Reload Profiling:
	ReloadAssembly (1242ms)
		BeginReloadAssembly (127ms)
			ExecutionOrderSort (0ms)
			DisableScriptedObjects (10ms)
			BackupInstance (0ms)
			ReleaseScriptingObjects (0ms)
			CreateAndSetChildDomain (41ms)
		EndReloadAssembly (982ms)
			LoadAssemblies (59ms)
			RebuildTransferFunctionScriptingTraits (0ms)
			SetupTypeCache (323ms)
			ReleaseScriptCaches (2ms)
			RebuildScriptCaches (70ms)
			SetupLoadedEditorAssemblies (436ms)
				LogAssemblyErrors (0ms)
				InitializePlatformSupportModulesInManaged (16ms)
				SetLoadedEditorAssemblies (1ms)
				RefreshPlugins (1ms)
				BeforeProcessingInitializeOnLoad (87ms)
				ProcessInitializeOnLoadAttributes (279ms)
				ProcessInitializeOnLoadMethodAttributes (43ms)
				AfterProcessingInitializeOnLoad (8ms)
				EditorAssembliesLoaded (0ms)
			ExecutionOrderSort2 (0ms)
			AwakeInstancesAfterBackupRestoration (9ms)
Platform modules already initialized, skipping
Refreshing native plugins compatible for Editor in 2,29 ms, found 1 plugins.
Preloading 0 native plugins for Editor in 0,00 ms.
Unloading 3765 Unused Serialized files (Serialized files now loaded: 0)
Unloading 22 unused Assets / (22,0 KB). Loaded Objects now: 4286.
Memory consumption went from 138,8 MB to 138,8 MB.
Total: 4,523317 ms (FindLiveObjects: 0,346347 ms CreateObjectMapping: 0,252259 ms MarkObjects: 3,893626 ms  DeleteObjects: 0,029245 ms)

AssetImportParameters requested are different than current active one (requested -> active):
  custom:video-decoder-ogg-theora: a1e56fd34408186e4bbccfd4996cb3dc -> 
  custom:container-muxer-webm: aa71ff27fc2769a1b78a27578f13a17b -> 
  custom:container-demuxer-webm: 4f35f7cbe854078d1ac9338744f61a02 -> 
  custom:video-encoder-webm-vp8: eb34c28f22e8b96e1ab97ce403110664 -> 
  custom:audio-encoder-webm-vorbis: bf7c407c2cedff20999df2af8eb42d56 -> 
  custom:container-demuxer-ogg: 62fdf1f143b41e24485cea50d1cbac27 -> 
  custom:video-decoder-webm-vp8: 9c59270c3fd7afecdb556c50c9e8de78 -> 
  custom:audio-decoder-ogg-vorbis: bf7c407c2cedff20999df2af8eb42d56 -> 
